<?xml version="1.0" encoding="UTF-8"?>
<testsuite xmlns:xsi="http://www.w3.org/2001/XMLSchema-instance" xsi:noNamespaceSchemaLocation="https://maven.apache.org/surefire/maven-surefire-plugin/xsd/surefire-test-report-3.0.xsd" version="3.0" name="dao.ToDoDaoImplITTest" time="2.826" tests="5" errors="0" skipped="0" failures="0">
  <properties>
[...]
</properties>
  <testcase name="deleteAToDo" classname="dao.ToDoDaoImplITTest" time="0.749"/>
  <testcase name="getAllToDosIT" classname="dao.ToDoDaoImplITTest" time="0.498"/>
  <testcase name="updateAToDoIT" classname="dao.ToDoDaoImplITTest" time="0.539"/>
  <testcase name="createToDoIT" classname="dao.ToDoDaoImplITTest" time="0.492"/>
  <testcase name="getOneToDoIT" classname="dao.ToDoDaoImplITTest" time="0.483"/>
</testsuite>